<?xml version="1.0" encoding="UTF-8"?>
<testsuite name="CommentTest" tests="4" skipped="0" failures="0" errors="0" timestamp="2022-12-04T18:55:58" hostname="DESKTOP-DF5EQ1H" time="0.193">
  <properties/>
  <testcase name="reportShouldThrowUnknownReasonException" classname="CommentTest" time="0.191"/>
  <testcase name="shouldThrow" classname="CommentTest" time="0.0"/>
  <testcase name="reportCommentNotFoundException" classname="CommentTest" time="0.0"/>
  <testcase name="reportPostNotFoundException" classname="CommentTest" time="0.001"/>
  <system-out><![CDATA[]]></system-out>
  <system-err><![CDATA[]]></system-err>
</testsuite>
