<?xml version="1.0" encoding="UTF-8"?>
<testsuite name="NoteServiceTest" tests="23" skipped="0" failures="0" errors="0" timestamp="2022-12-04T18:55:58" hostname="DESKTOP-DF5EQ1H" time="0.025">
  <properties/>
  <testcase name="getNoteByIdNoZero" classname="NoteServiceTest" time="0.017"/>
  <testcase name="getNoteByIdShodThrow" classname="NoteServiceTest" time="0.0"/>
  <testcase name="editNoteShouldNotThrow" classname="NoteServiceTest" time="0.0"/>
  <testcase name="deleteCommentShouldThrowNoteNotFoundException" classname="NoteServiceTest" time="0.0"/>
  <testcase name="commentShouldThrow" classname="NoteServiceTest" time="0.001"/>
  <testcase name="getNoteNoZero" classname="NoteServiceTest" time="0.001"/>
  <testcase name="addNoteNoZero" classname="NoteServiceTest" time="0.0"/>
  <testcase name="deleteNoteShouldThrow" classname="NoteServiceTest" time="0.0"/>
  <testcase name="deleteCommentShouldThrowCommentNotFoundException" classname="NoteServiceTest" time="0.001"/>
  <testcase name="restoreCommentNoZero" classname="NoteServiceTest" time="0.0"/>
  <testcase name="commentShouldNotThrow" classname="NoteServiceTest" time="0.0"/>
  <testcase name="editNoteShouldThrow" classname="NoteServiceTest" time="0.0"/>
  <testcase name="deleteNoteShouldNotThrow" classname="NoteServiceTest" time="0.001"/>
  <testcase name="restoreCommentShodThrowNoteNotFoundException" classname="NoteServiceTest" time="0.0"/>
  <testcase name="editCommentShouldThrowNoteNotFoundException" classname="NoteServiceTest" time="0.0"/>
  <testcase name="getCommentShodThrow" classname="NoteServiceTest" time="0.001"/>
  <testcase name="restoreCommentShodThrowCommentNotFoundException" classname="NoteServiceTest" time="0.0"/>
  <testcase name="editCommentShouldNotThrow" classname="NoteServiceTest" time="0.0"/>
  <testcase name="deleteCommentShouldNotThrow" classname="NoteServiceTest" time="0.001"/>
  <testcase name="editCommentShouldThrowCommentNotFoundException" classname="NoteServiceTest" time="0.0"/>
  <testcase name="getCommentNoZero" classname="NoteServiceTest" time="0.0"/>
  <testcase name="updateNoteShouldThrowNoteNotFoundException" classname="NoteServiceTest" time="0.0"/>
  <testcase name="updateNoteShouldNotThrow" classname="NoteServiceTest" time="0.0"/>
  <system-out><![CDATA[]]></system-out>
  <system-err><![CDATA[]]></system-err>
</testsuite>
